/*C23*/SET SCHEMA PUBLIC
DISCONNECT
/*C24*/SET SCHEMA PUBLIC
DISCONNECT
/*C25*/SET SCHEMA PUBLIC
DISCONNECT
/*C26*/SET SCHEMA PUBLIC
DISCONNECT
/*C27*/SET SCHEMA PUBLIC
DISCONNECT
/*C28*/SET SCHEMA PUBLIC
DISCONNECT
/*C29*/SET SCHEMA PUBLIC
DISCONNECT
/*C30*/SET SCHEMA PUBLIC
DISCONNECT
/*C31*/SET SCHEMA PUBLIC
DISCONNECT
/*C32*/SET SCHEMA PUBLIC
DISCONNECT
/*C40*/SET SCHEMA PUBLIC
INSERT INTO TCATEGORIES VALUES(21,'CategoriaTestDuplicar',2,'2017-02-20 18:14:37.689000')
COMMIT
/*C36*/SET SCHEMA PUBLIC
INSERT INTO TUSERS VALUES(7,'agapito@mail.es',FALSE,'agapito','agapito','ENABLED')
COMMIT
/*C40*/INSERT INTO TCATEGORIES VALUES(22,'CategoriaTest',2,'2017-02-20 18:14:39.348000')
COMMIT
/*C34*/SET SCHEMA PUBLIC
DELETE FROM TUSERS WHERE ID=3
INSERT INTO TUSERS VALUES(3,'usuario3@mail.com',FALSE,'usuario3','usuario3','DISABLED')
COMMIT
/*C36*/DELETE FROM TUSERS WHERE ID=3
INSERT INTO TUSERS VALUES(3,'usuario3@mail.com',FALSE,'usuario3','usuario3','ENABLED')
COMMIT
/*C39*/SET SCHEMA PUBLIC
DELETE FROM TUSERS WHERE ID=3
INSERT INTO TUSERS VALUES(3,'usuario3@mail.com',FALSE,'usuario3','usuario3','DISABLED')
COMMIT
/*C41*/SET SCHEMA PUBLIC
DELETE FROM TUSERS WHERE ID=3
INSERT INTO TUSERS VALUES(3,'usuario3@mail.com',FALSE,'usuario3','usuario3','ENABLED')
COMMIT
/*C40*/DELETE FROM TCATEGORIES WHERE ID=22
COMMIT
/*C35*/SET SCHEMA PUBLIC
INSERT INTO TCATEGORIES VALUES(23,'CategoriaTest',2,'2017-02-20 18:23:25.307000')
COMMIT
/*C39*/DELETE FROM TCATEGORIES WHERE ID=23
COMMIT
/*C34*/INSERT INTO TCATEGORIES VALUES(24,'CategoriaTest',2,'2017-02-20 18:24:07.273000')
COMMIT
/*C41*/INSERT INTO TCATEGORIES VALUES(25,'CategoriaTestDuplicar - copy',2,'2017-02-20 18:24:18.293000')
COMMIT
/*C33*/SET SCHEMA PUBLIC
DELETE FROM TUSERS WHERE ID=3
INSERT INTO TUSERS VALUES(3,'usuario3@mail.com',FALSE,'usuario3','usuario3','DISABLED')
COMMIT
/*C35*/DELETE FROM TUSERS WHERE ID=3
INSERT INTO TUSERS VALUES(3,'usuario3@mail.com',FALSE,'usuario3','usuario3','ENABLED')
COMMIT
/*C43*/SET SCHEMA PUBLIC
DELETE FROM TTASKS WHERE ID=1
DELETE FROM TTASKS WHERE ID=2
DELETE FROM TTASKS WHERE ID=3
DELETE FROM TTASKS WHERE ID=4
DELETE FROM TTASKS WHERE ID=5
DELETE FROM TTASKS WHERE ID=6
DELETE FROM TTASKS WHERE ID=7
DELETE FROM TTASKS WHERE ID=8
DELETE FROM TTASKS WHERE ID=9
DELETE FROM TTASKS WHERE ID=10
DELETE FROM TTASKS WHERE ID=11
DELETE FROM TTASKS WHERE ID=12
DELETE FROM TTASKS WHERE ID=13
DELETE FROM TTASKS WHERE ID=14
DELETE FROM TTASKS WHERE ID=15
DELETE FROM TTASKS WHERE ID=16
DELETE FROM TTASKS WHERE ID=17
DELETE FROM TTASKS WHERE ID=18
DELETE FROM TTASKS WHERE ID=19
DELETE FROM TTASKS WHERE ID=20
DELETE FROM TTASKS WHERE ID=21
COMMIT
DELETE FROM TCATEGORIES WHERE ID=1
DELETE FROM TCATEGORIES WHERE ID=2
DELETE FROM TCATEGORIES WHERE ID=3
DELETE FROM TCATEGORIES WHERE ID=4
DELETE FROM TCATEGORIES WHERE ID=5
DELETE FROM TCATEGORIES WHERE ID=6
DELETE FROM TCATEGORIES WHERE ID=21
DELETE FROM TCATEGORIES WHERE ID=24
DELETE FROM TCATEGORIES WHERE ID=25
COMMIT
DELETE FROM TUSERS WHERE ID=1
DELETE FROM TUSERS WHERE ID=2
DELETE FROM TUSERS WHERE ID=3
DELETE FROM TUSERS WHERE ID=4
DELETE FROM TUSERS WHERE ID=7
COMMIT
INSERT INTO TUSERS VALUES(1,'usuario1@mail.com',FALSE,'usuario1','usuario1','ENABLED')
COMMIT
INSERT INTO TUSERS VALUES(2,'usuario2@mail.com',FALSE,'usuario2','usuario2','ENABLED')
COMMIT
INSERT INTO TUSERS VALUES(3,'usuario3@mail.com',FALSE,'usuario3','usuario3','ENABLED')
COMMIT
INSERT INTO TUSERS VALUES(4,'administrador1',TRUE,'administrador1','administrador1','ENABLED')
COMMIT
INSERT INTO TCATEGORIES VALUES(1,'Categoria 1 para usuario 1',1,'2016-02-09 19:10:49.431000')
COMMIT
INSERT INTO TCATEGORIES VALUES(2,'Categoria 2 para usuario 1',1,'2016-02-10 19:10:49.431000')
COMMIT
INSERT INTO TCATEGORIES VALUES(3,'Categoria 1 para usuario 2',2,'2017-02-09 19:10:49.431000')
COMMIT
INSERT INTO TCATEGORIES VALUES(4,'Categoria 2 para usuario 2',2,'2017-02-10 19:10:49.431000')
COMMIT
INSERT INTO TCATEGORIES VALUES(5,'Categoria 1 para usuario 3',3,'2015-02-09 19:10:49.431000')
COMMIT
INSERT INTO TCATEGORIES VALUES(6,'Categoria 2 para usuario 3',3,'2015-02-10 19:10:49.431000')
COMMIT
INSERT INTO TTASKS VALUES(1,'tarea 1 para usuario 1','2017-02-02 00:02:24.000000',NULL,'2017-01-01','tarea 1 para usuario 1',NULL,1)
COMMIT
INSERT INTO TTASKS VALUES(2,'tarea 2 para usuario 1','2017-02-03 00:02:24.000000',NULL,'2017-06-30','tarea 2 para usuario 1',NULL,1)
COMMIT
INSERT INTO TTASKS VALUES(3,'tarea 3 para usuario 1','2017-02-04 00:02:24.000000',NULL,'2016-01-01','tarea 3 para usuario 1',1,1)
COMMIT
INSERT INTO TTASKS VALUES(4,'tarea 4 para usuario 1','2017-02-05 00:02:24.000000','2016-02-15','2016-01-01','tarea 3 para usuario 1',2,1)
COMMIT
INSERT INTO TTASKS VALUES(5,'tarea 5 para usuario 1','2017-02-06 00:02:24.000000',NULL,NULL,'tarea 5 para usuario 1',2,1)
COMMIT
INSERT INTO TTASKS VALUES(6,'tarea 6 para usuario 1','2017-02-07 00:02:24.000000',NULL,NULL,'tarea 6 para usuario 1',NULL,1)
COMMIT
INSERT INTO TTASKS VALUES(7,'tarea 7 para usuario 1','2017-02-07 00:02:24.000000',NULL,'2017-05-04','tarea 7 para usuario 1',2,1)
COMMIT
INSERT INTO TTASKS VALUES(8,'tarea 1 para usuario 2','2016-02-02 00:02:24.000000',NULL,'2017-01-01','tarea 1 para usuario 2',NULL,2)
COMMIT
INSERT INTO TTASKS VALUES(9,'tarea 2 para usuario 2','2016-02-03 00:02:24.000000',NULL,'2017-06-30','tarea 2 para usuario 2',NULL,2)
COMMIT
INSERT INTO TTASKS VALUES(10,'tarea 3 para usuario 2','2016-02-04 00:02:24.000000',NULL,'2016-01-01','tarea 3 para usuario 2',3,2)
COMMIT
INSERT INTO TTASKS VALUES(11,'tarea 4 para usuario 2','2016-02-05 00:02:24.000000','2016-02-15','2016-01-01','tarea 3 para usuario 2',4,2)
COMMIT
INSERT INTO TTASKS VALUES(12,'tarea 5 para usuario 2','2016-02-06 00:02:24.000000',NULL,NULL,'tarea 5 para usuario 2',4,2)
COMMIT
INSERT INTO TTASKS VALUES(13,'tarea 6 para usuario 2','2016-02-07 00:02:24.000000',NULL,NULL,'tarea 6 para usuario 2',NULL,2)
COMMIT
INSERT INTO TTASKS VALUES(14,'tarea 7 para usuario 2','2016-02-07 00:02:24.000000',NULL,'2017-05-04','tarea 7 para usuario 2',4,2)
COMMIT
INSERT INTO TTASKS VALUES(15,'tarea 1 para usuario 3','2015-02-02 00:02:24.000000',NULL,'2017-01-01','tarea 1 para usuario 1',NULL,3)
COMMIT
INSERT INTO TTASKS VALUES(16,'tarea 2 para usuario 3','2015-02-03 00:02:24.000000',NULL,'2017-06-30','tarea 2 para usuario 1',NULL,3)
COMMIT
INSERT INTO TTASKS VALUES(17,'tarea 3 para usuario 3','2015-02-04 00:02:24.000000',NULL,'2016-01-01','tarea 3 para usuario 1',5,3)
COMMIT
INSERT INTO TTASKS VALUES(18,'tarea 4 para usuario 3','2015-02-05 00:02:24.000000','2016-02-15','2016-01-01','tarea 3 para usuario 1',6,3)
COMMIT
INSERT INTO TTASKS VALUES(19,'tarea 5 para usuario 3','2015-02-06 00:02:24.000000',NULL,NULL,'tarea 5 para usuario 1',6,3)
COMMIT
INSERT INTO TTASKS VALUES(20,'tarea 6 para usuario 3','2015-02-07 00:02:24.000000',NULL,NULL,'tarea 6 para usuario 1',NULL,3)
COMMIT
INSERT INTO TTASKS VALUES(21,'tarea 7 para usuario 3','2015-02-07 00:02:24.000000',NULL,'2017-05-04','tarea 7 para usuario 1',6,3)
COMMIT
/*C40*/DISCONNECT
/*C41*/DISCONNECT
/*C42*/SET SCHEMA PUBLIC
DISCONNECT
/*C33*/DISCONNECT
/*C34*/DISCONNECT
/*C35*/DISCONNECT
/*C36*/DISCONNECT
/*C37*/SET SCHEMA PUBLIC
DISCONNECT
/*C38*/SET SCHEMA PUBLIC
DISCONNECT
/*C39*/DISCONNECT
/*C51*/SET SCHEMA PUBLIC
INSERT INTO TCATEGORIES VALUES(26,'CategoriaTestDuplicar',2,'2017-02-20 18:25:55.098000')
COMMIT
/*C44*/SET SCHEMA PUBLIC
INSERT INTO TCATEGORIES VALUES(27,'CategoriaTestDuplicar - copy',2,'2017-02-20 18:25:55.176000')
COMMIT
/*C50*/SET SCHEMA PUBLIC
INSERT INTO TUSERS VALUES(8,'agapito@mail.es',FALSE,'agapito','agapito','ENABLED')
COMMIT
/*C44*/INSERT INTO TCATEGORIES VALUES(28,'CategoriaTest',2,'2017-02-20 18:25:56.662000')
COMMIT
/*C48*/SET SCHEMA PUBLIC
DELETE FROM TUSERS WHERE ID=3
INSERT INTO TUSERS VALUES(3,'usuario3@mail.com',FALSE,'usuario3','usuario3','DISABLED')
COMMIT
/*C50*/DELETE FROM TUSERS WHERE ID=3
INSERT INTO TUSERS VALUES(3,'usuario3@mail.com',FALSE,'usuario3','usuario3','ENABLED')
COMMIT
/*C44*/DISCONNECT
/*C45*/SET SCHEMA PUBLIC
DISCONNECT
/*C49*/SET SCHEMA PUBLIC
DISCONNECT
/*C46*/SET SCHEMA PUBLIC
DISCONNECT
/*C47*/SET SCHEMA PUBLIC
DISCONNECT
/*C48*/DISCONNECT
/*C50*/DISCONNECT
/*C51*/DISCONNECT
/*C52*/SET SCHEMA PUBLIC
DISCONNECT
/*C53*/SET SCHEMA PUBLIC
DISCONNECT
/*C43*/DELETE FROM TTASKS WHERE ID=1
DELETE FROM TTASKS WHERE ID=2
DELETE FROM TTASKS WHERE ID=3
DELETE FROM TTASKS WHERE ID=4
DELETE FROM TTASKS WHERE ID=5
DELETE FROM TTASKS WHERE ID=6
DELETE FROM TTASKS WHERE ID=7
DELETE FROM TTASKS WHERE ID=8
DELETE FROM TTASKS WHERE ID=9
DELETE FROM TTASKS WHERE ID=10
DELETE FROM TTASKS WHERE ID=11
DELETE FROM TTASKS WHERE ID=12
DELETE FROM TTASKS WHERE ID=13
DELETE FROM TTASKS WHERE ID=14
DELETE FROM TTASKS WHERE ID=15
DELETE FROM TTASKS WHERE ID=16
DELETE FROM TTASKS WHERE ID=17
DELETE FROM TTASKS WHERE ID=18
DELETE FROM TTASKS WHERE ID=19
DELETE FROM TTASKS WHERE ID=20
DELETE FROM TTASKS WHERE ID=21
COMMIT
DELETE FROM TCATEGORIES WHERE ID=1
DELETE FROM TCATEGORIES WHERE ID=2
DELETE FROM TCATEGORIES WHERE ID=3
DELETE FROM TCATEGORIES WHERE ID=4
DELETE FROM TCATEGORIES WHERE ID=5
DELETE FROM TCATEGORIES WHERE ID=6
DELETE FROM TCATEGORIES WHERE ID=26
DELETE FROM TCATEGORIES WHERE ID=27
DELETE FROM TCATEGORIES WHERE ID=28
COMMIT
DELETE FROM TUSERS WHERE ID=1
DELETE FROM TUSERS WHERE ID=2
DELETE FROM TUSERS WHERE ID=3
DELETE FROM TUSERS WHERE ID=4
DELETE FROM TUSERS WHERE ID=8
COMMIT
INSERT INTO TUSERS VALUES(1,'usuario1@mail.com',FALSE,'usuario1','usuario1','ENABLED')
COMMIT
INSERT INTO TUSERS VALUES(2,'usuario2@mail.com',FALSE,'usuario2','usuario2','ENABLED')
COMMIT
INSERT INTO TUSERS VALUES(3,'usuario3@mail.com',FALSE,'usuario3','usuario3','ENABLED')
COMMIT
INSERT INTO TUSERS VALUES(4,'administrador1',TRUE,'administrador1','administrador1','ENABLED')
COMMIT
INSERT INTO TCATEGORIES VALUES(1,'Categoria 1 para usuario 1',1,'2016-02-09 19:10:49.431000')
COMMIT
INSERT INTO TCATEGORIES VALUES(2,'Categoria 2 para usuario 1',1,'2016-02-10 19:10:49.431000')
COMMIT
INSERT INTO TCATEGORIES VALUES(3,'Categoria 1 para usuario 2',2,'2017-02-09 19:10:49.431000')
COMMIT
INSERT INTO TCATEGORIES VALUES(4,'Categoria 2 para usuario 2',2,'2017-02-10 19:10:49.431000')
COMMIT
INSERT INTO TCATEGORIES VALUES(5,'Categoria 1 para usuario 3',3,'2015-02-09 19:10:49.431000')
COMMIT
INSERT INTO TCATEGORIES VALUES(6,'Categoria 2 para usuario 3',3,'2015-02-10 19:10:49.431000')
COMMIT
INSERT INTO TTASKS VALUES(1,'tarea 1 para usuario 1','2017-02-02 00:02:24.000000',NULL,'2017-01-01','tarea 1 para usuario 1',NULL,1)
COMMIT
INSERT INTO TTASKS VALUES(2,'tarea 2 para usuario 1','2017-02-03 00:02:24.000000',NULL,'2017-06-30','tarea 2 para usuario 1',NULL,1)
COMMIT
INSERT INTO TTASKS VALUES(3,'tarea 3 para usuario 1','2017-02-04 00:02:24.000000',NULL,'2016-01-01','tarea 3 para usuario 1',1,1)
COMMIT
INSERT INTO TTASKS VALUES(4,'tarea 4 para usuario 1','2017-02-05 00:02:24.000000','2016-02-15','2016-01-01','tarea 3 para usuario 1',2,1)
COMMIT
INSERT INTO TTASKS VALUES(5,'tarea 5 para usuario 1','2017-02-06 00:02:24.000000',NULL,NULL,'tarea 5 para usuario 1',2,1)
COMMIT
INSERT INTO TTASKS VALUES(6,'tarea 6 para usuario 1','2017-02-07 00:02:24.000000',NULL,NULL,'tarea 6 para usuario 1',NULL,1)
COMMIT
INSERT INTO TTASKS VALUES(7,'tarea 7 para usuario 1','2017-02-07 00:02:24.000000',NULL,'2017-05-04','tarea 7 para usuario 1',2,1)
COMMIT
INSERT INTO TTASKS VALUES(8,'tarea 1 para usuario 2','2016-02-02 00:02:24.000000',NULL,'2017-01-01','tarea 1 para usuario 2',NULL,2)
COMMIT
INSERT INTO TTASKS VALUES(9,'tarea 2 para usuario 2','2016-02-03 00:02:24.000000',NULL,'2017-06-30','tarea 2 para usuario 2',NULL,2)
COMMIT
INSERT INTO TTASKS VALUES(10,'tarea 3 para usuario 2','2016-02-04 00:02:24.000000',NULL,'2016-01-01','tarea 3 para usuario 2',3,2)
COMMIT
INSERT INTO TTASKS VALUES(11,'tarea 4 para usuario 2','2016-02-05 00:02:24.000000','2016-02-15','2016-01-01','tarea 3 para usuario 2',4,2)
COMMIT
INSERT INTO TTASKS VALUES(12,'tarea 5 para usuario 2','2016-02-06 00:02:24.000000',NULL,NULL,'tarea 5 para usuario 2',4,2)
COMMIT
INSERT INTO TTASKS VALUES(13,'tarea 6 para usuario 2','2016-02-07 00:02:24.000000',NULL,NULL,'tarea 6 para usuario 2',NULL,2)
COMMIT
INSERT INTO TTASKS VALUES(14,'tarea 7 para usuario 2','2016-02-07 00:02:24.000000',NULL,'2017-05-04','tarea 7 para usuario 2',4,2)
COMMIT
INSERT INTO TTASKS VALUES(15,'tarea 1 para usuario 3','2015-02-02 00:02:24.000000',NULL,'2017-01-01','tarea 1 para usuario 1',NULL,3)
COMMIT
INSERT INTO TTASKS VALUES(16,'tarea 2 para usuario 3','2015-02-03 00:02:24.000000',NULL,'2017-06-30','tarea 2 para usuario 1',NULL,3)
COMMIT
INSERT INTO TTASKS VALUES(17,'tarea 3 para usuario 3','2015-02-04 00:02:24.000000',NULL,'2016-01-01','tarea 3 para usuario 1',5,3)
COMMIT
INSERT INTO TTASKS VALUES(18,'tarea 4 para usuario 3','2015-02-05 00:02:24.000000','2016-02-15','2016-01-01','tarea 3 para usuario 1',6,3)
COMMIT
INSERT INTO TTASKS VALUES(19,'tarea 5 para usuario 3','2015-02-06 00:02:24.000000',NULL,NULL,'tarea 5 para usuario 1',6,3)
COMMIT
INSERT INTO TTASKS VALUES(20,'tarea 6 para usuario 3','2015-02-07 00:02:24.000000',NULL,NULL,'tarea 6 para usuario 1',NULL,3)
COMMIT
INSERT INTO TTASKS VALUES(21,'tarea 7 para usuario 3','2015-02-07 00:02:24.000000',NULL,'2017-05-04','tarea 7 para usuario 1',6,3)
COMMIT
DELETE FROM TTASKS WHERE ID=1
DELETE FROM TTASKS WHERE ID=2
DELETE FROM TTASKS WHERE ID=3
DELETE FROM TTASKS WHERE ID=4
DELETE FROM TTASKS WHERE ID=5
DELETE FROM TTASKS WHERE ID=6
DELETE FROM TTASKS WHERE ID=7
DELETE FROM TTASKS WHERE ID=8
DELETE FROM TTASKS WHERE ID=9
DELETE FROM TTASKS WHERE ID=10
DELETE FROM TTASKS WHERE ID=11
DELETE FROM TTASKS WHERE ID=12
DELETE FROM TTASKS WHERE ID=13
DELETE FROM TTASKS WHERE ID=14
DELETE FROM TTASKS WHERE ID=15
DELETE FROM TTASKS WHERE ID=16
DELETE FROM TTASKS WHERE ID=17
DELETE FROM TTASKS WHERE ID=18
DELETE FROM TTASKS WHERE ID=19
DELETE FROM TTASKS WHERE ID=20
DELETE FROM TTASKS WHERE ID=21
COMMIT
DELETE FROM TCATEGORIES WHERE ID=1
DELETE FROM TCATEGORIES WHERE ID=2
DELETE FROM TCATEGORIES WHERE ID=3
DELETE FROM TCATEGORIES WHERE ID=4
DELETE FROM TCATEGORIES WHERE ID=5
DELETE FROM TCATEGORIES WHERE ID=6
COMMIT
DELETE FROM TUSERS WHERE ID=1
DELETE FROM TUSERS WHERE ID=2
DELETE FROM TUSERS WHERE ID=3
DELETE FROM TUSERS WHERE ID=4
COMMIT
INSERT INTO TUSERS VALUES(1,'usuario1@mail.com',FALSE,'usuario1','usuario1','ENABLED')
COMMIT
INSERT INTO TUSERS VALUES(2,'usuario2@mail.com',FALSE,'usuario2','usuario2','ENABLED')
COMMIT
INSERT INTO TUSERS VALUES(3,'usuario3@mail.com',FALSE,'usuario3','usuario3','ENABLED')
COMMIT
INSERT INTO TUSERS VALUES(4,'administrador1',TRUE,'administrador1','administrador1','ENABLED')
COMMIT
INSERT INTO TCATEGORIES VALUES(1,'Categoria 1 para usuario 1',1,'2016-02-09 19:10:49.431000')
COMMIT
INSERT INTO TCATEGORIES VALUES(2,'Categoria 2 para usuario 1',1,'2016-02-10 19:10:49.431000')
COMMIT
INSERT INTO TCATEGORIES VALUES(3,'Categoria 1 para usuario 2',2,'2017-02-09 19:10:49.431000')
COMMIT
INSERT INTO TCATEGORIES VALUES(4,'Categoria 2 para usuario 2',2,'2017-02-10 19:10:49.431000')
COMMIT
INSERT INTO TCATEGORIES VALUES(5,'Categoria 1 para usuario 3',3,'2015-02-09 19:10:49.431000')
COMMIT
INSERT INTO TCATEGORIES VALUES(6,'Categoria 2 para usuario 3',3,'2015-02-10 19:10:49.431000')
COMMIT
INSERT INTO TTASKS VALUES(1,'tarea 1 para usuario 1','2017-02-02 00:02:24.000000',NULL,'2017-01-01','tarea 1 para usuario 1',NULL,1)
COMMIT
INSERT INTO TTASKS VALUES(2,'tarea 2 para usuario 1','2017-02-03 00:02:24.000000',NULL,'2017-06-30','tarea 2 para usuario 1',NULL,1)
COMMIT
INSERT INTO TTASKS VALUES(3,'tarea 3 para usuario 1','2017-02-04 00:02:24.000000',NULL,'2016-01-01','tarea 3 para usuario 1',1,1)
COMMIT
INSERT INTO TTASKS VALUES(4,'tarea 4 para usuario 1','2017-02-05 00:02:24.000000','2016-02-15','2016-01-01','tarea 3 para usuario 1',2,1)
COMMIT
INSERT INTO TTASKS VALUES(5,'tarea 5 para usuario 1','2017-02-06 00:02:24.000000',NULL,NULL,'tarea 5 para usuario 1',2,1)
COMMIT
INSERT INTO TTASKS VALUES(6,'tarea 6 para usuario 1','2017-02-07 00:02:24.000000',NULL,NULL,'tarea 6 para usuario 1',NULL,1)
COMMIT
INSERT INTO TTASKS VALUES(7,'tarea 7 para usuario 1','2017-02-07 00:02:24.000000',NULL,'2017-05-04','tarea 7 para usuario 1',2,1)
COMMIT
INSERT INTO TTASKS VALUES(8,'tarea 1 para usuario 2','2016-02-02 00:02:24.000000',NULL,'2017-01-01','tarea 1 para usuario 2',NULL,2)
COMMIT
INSERT INTO TTASKS VALUES(9,'tarea 2 para usuario 2','2016-02-03 00:02:24.000000',NULL,'2017-06-30','tarea 2 para usuario 2',NULL,2)
COMMIT
INSERT INTO TTASKS VALUES(10,'tarea 3 para usuario 2','2016-02-04 00:02:24.000000',NULL,'2016-01-01','tarea 3 para usuario 2',3,2)
COMMIT
INSERT INTO TTASKS VALUES(11,'tarea 4 para usuario 2','2016-02-05 00:02:24.000000','2016-02-15','2016-01-01','tarea 3 para usuario 2',4,2)
COMMIT
INSERT INTO TTASKS VALUES(12,'tarea 5 para usuario 2','2016-02-06 00:02:24.000000',NULL,NULL,'tarea 5 para usuario 2',4,2)
COMMIT
INSERT INTO TTASKS VALUES(13,'tarea 6 para usuario 2','2016-02-07 00:02:24.000000',NULL,NULL,'tarea 6 para usuario 2',NULL,2)
COMMIT
INSERT INTO TTASKS VALUES(14,'tarea 7 para usuario 2','2016-02-07 00:02:24.000000',NULL,'2017-05-04','tarea 7 para usuario 2',4,2)
COMMIT
INSERT INTO TTASKS VALUES(15,'tarea 1 para usuario 3','2015-02-02 00:02:24.000000',NULL,'2017-01-01','tarea 1 para usuario 1',NULL,3)
COMMIT
INSERT INTO TTASKS VALUES(16,'tarea 2 para usuario 3','2015-02-03 00:02:24.000000',NULL,'2017-06-30','tarea 2 para usuario 1',NULL,3)
COMMIT
INSERT INTO TTASKS VALUES(17,'tarea 3 para usuario 3','2015-02-04 00:02:24.000000',NULL,'2016-01-01','tarea 3 para usuario 1',5,3)
COMMIT
INSERT INTO TTASKS VALUES(18,'tarea 4 para usuario 3','2015-02-05 00:02:24.000000','2016-02-15','2016-01-01','tarea 3 para usuario 1',6,3)
COMMIT
INSERT INTO TTASKS VALUES(19,'tarea 5 para usuario 3','2015-02-06 00:02:24.000000',NULL,NULL,'tarea 5 para usuario 1',6,3)
COMMIT
INSERT INTO TTASKS VALUES(20,'tarea 6 para usuario 3','2015-02-07 00:02:24.000000',NULL,NULL,'tarea 6 para usuario 1',NULL,3)
COMMIT
INSERT INTO TTASKS VALUES(21,'tarea 7 para usuario 3','2015-02-07 00:02:24.000000',NULL,'2017-05-04','tarea 7 para usuario 1',6,3)
COMMIT
/*C61*/SET SCHEMA PUBLIC
INSERT INTO TCATEGORIES VALUES(29,'CategoriaTestDuplicar',2,'2017-02-20 18:35:01.301000')
COMMIT
/*C54*/SET SCHEMA PUBLIC
INSERT INTO TCATEGORIES VALUES(30,'CategoriaTestDuplicar - copy',2,'2017-02-20 18:35:01.379000')
COMMIT
/*C60*/SET SCHEMA PUBLIC
INSERT INTO TUSERS VALUES(9,'agapito@mail.es',FALSE,'agapito','agapito','ENABLED')
COMMIT
/*C54*/INSERT INTO TCATEGORIES VALUES(31,'CategoriaTest',2,'2017-02-20 18:35:02.701000')
COMMIT
/*C58*/SET SCHEMA PUBLIC
DELETE FROM TUSERS WHERE ID=3
INSERT INTO TUSERS VALUES(3,'usuario3@mail.com',FALSE,'usuario3','usuario3','DISABLED')
COMMIT
/*C60*/DELETE FROM TUSERS WHERE ID=3
INSERT INTO TUSERS VALUES(3,'usuario3@mail.com',FALSE,'usuario3','usuario3','ENABLED')
COMMIT
