/*C3*/SET SCHEMA PUBLIC
ALTER TABLE PUBLIC.TTASKS ALTER COLUMN CREATED TIMESTAMP
ALTER TABLE PUBLIC.TCATEGORIES ADD COLUMN CREATED TIMESTAMP
DELETE FROM TCATEGORIES WHERE ID=1
DELETE FROM TCATEGORIES WHERE ID=2
DELETE FROM TCATEGORIES WHERE ID=3
DELETE FROM TCATEGORIES WHERE ID=4
DELETE FROM TCATEGORIES WHERE ID=5
DELETE FROM TCATEGORIES WHERE ID=6
DELETE FROM TCATEGORIES WHERE ID=7
INSERT INTO TCATEGORIES VALUES(1,'Errants',1,'2017-02-15 19:10:49.431000')
INSERT INTO TCATEGORIES VALUES(2,'@Office',1,'2017-02-15 19:10:49.431000')
INSERT INTO TCATEGORIES VALUES(3,'Personal projects',1,'2017-02-15 19:10:49.431000')
INSERT INTO TCATEGORIES VALUES(4,'Waiting event',1,'2017-02-15 19:10:49.431000')
INSERT INTO TCATEGORIES VALUES(5,'Calls',1,'2017-02-15 19:10:49.431000')
INSERT INTO TCATEGORIES VALUES(6,'Job projects',1,'2017-02-15 19:10:49.431000')
INSERT INTO TCATEGORIES VALUES(7,'@Home',1,'2017-02-15 19:10:49.431000')
COMMIT
DELETE FROM TCATEGORIES WHERE ID=1
DELETE FROM TCATEGORIES WHERE ID=2
DELETE FROM TCATEGORIES WHERE ID=3
DELETE FROM TCATEGORIES WHERE ID=4
DELETE FROM TCATEGORIES WHERE ID=5
DELETE FROM TCATEGORIES WHERE ID=6
DELETE FROM TCATEGORIES WHERE ID=7
INSERT INTO TCATEGORIES VALUES(1,'Errants',1,'2017-02-14 19:10:49.431000')
INSERT INTO TCATEGORIES VALUES(2,'@Office',1,'2017-02-13 19:10:49.431000')
INSERT INTO TCATEGORIES VALUES(3,'Personal projects',1,'2017-02-12 19:10:49.431000')
INSERT INTO TCATEGORIES VALUES(4,'Waiting event',1,'2017-02-11 19:10:49.431000')
INSERT INTO TCATEGORIES VALUES(5,'Calls',1,'2017-02-10 19:10:49.431000')
INSERT INTO TCATEGORIES VALUES(6,'Job projects',1,'2017-02-09 19:10:49.431000')
INSERT INTO TCATEGORIES VALUES(7,'@Home',1,'2017-02-08 19:10:49.431000')
COMMIT
DELETE FROM TTASKS WHERE ID=1
DELETE FROM TTASKS WHERE ID=2
DELETE FROM TTASKS WHERE ID=3
DELETE FROM TTASKS WHERE ID=4
DELETE FROM TTASKS WHERE ID=5
DELETE FROM TTASKS WHERE ID=6
DELETE FROM TTASKS WHERE ID=7
DELETE FROM TTASKS WHERE ID=8
DELETE FROM TTASKS WHERE ID=9
DELETE FROM TTASKS WHERE ID=10
DELETE FROM TTASKS WHERE ID=11
DELETE FROM TTASKS WHERE ID=12
DELETE FROM TTASKS WHERE ID=13
DELETE FROM TTASKS WHERE ID=14
DELETE FROM TTASKS WHERE ID=15
DELETE FROM TTASKS WHERE ID=16
DELETE FROM TTASKS WHERE ID=17
DELETE FROM TTASKS WHERE ID=18
DELETE FROM TTASKS WHERE ID=19
DELETE FROM TTASKS WHERE ID=20
DELETE FROM TTASKS WHERE ID=21
DELETE FROM TTASKS WHERE ID=22
DELETE FROM TTASKS WHERE ID=23
DELETE FROM TTASKS WHERE ID=24
DELETE FROM TTASKS WHERE ID=25
DELETE FROM TTASKS WHERE ID=26
DELETE FROM TTASKS WHERE ID=27
DELETE FROM TTASKS WHERE ID=28
DELETE FROM TTASKS WHERE ID=29
DELETE FROM TTASKS WHERE ID=30
DELETE FROM TTASKS WHERE ID=31
DELETE FROM TTASKS WHERE ID=32
DELETE FROM TTASKS WHERE ID=33
DELETE FROM TTASKS WHERE ID=34
DELETE FROM TTASKS WHERE ID=35
DELETE FROM TTASKS WHERE ID=36
DELETE FROM TTASKS WHERE ID=37
DELETE FROM TTASKS WHERE ID=38
DELETE FROM TTASKS WHERE ID=39
DELETE FROM TTASKS WHERE ID=40
DELETE FROM TTASKS WHERE ID=41
DELETE FROM TTASKS WHERE ID=42
DELETE FROM TTASKS WHERE ID=43
DELETE FROM TTASKS WHERE ID=44
DELETE FROM TTASKS WHERE ID=45
DELETE FROM TTASKS WHERE ID=46
DELETE FROM TTASKS WHERE ID=47
DELETE FROM TTASKS WHERE ID=48
DELETE FROM TTASKS WHERE ID=49
DELETE FROM TTASKS WHERE ID=50
DELETE FROM TTASKS WHERE ID=51
DELETE FROM TTASKS WHERE ID=52
DELETE FROM TTASKS WHERE ID=53
DELETE FROM TTASKS WHERE ID=54
DELETE FROM TTASKS WHERE ID=55
DELETE FROM TTASKS WHERE ID=56
DELETE FROM TTASKS WHERE ID=57
DELETE FROM TTASKS WHERE ID=58
DELETE FROM TTASKS WHERE ID=59
DELETE FROM TTASKS WHERE ID=60
DELETE FROM TTASKS WHERE ID=61
DELETE FROM TTASKS WHERE ID=62
DELETE FROM TTASKS WHERE ID=63
DELETE FROM TTASKS WHERE ID=64
DELETE FROM TTASKS WHERE ID=65
DELETE FROM TTASKS WHERE ID=66
DELETE FROM TTASKS WHERE ID=67
DELETE FROM TTASKS WHERE ID=68
DELETE FROM TTASKS WHERE ID=69
DELETE FROM TTASKS WHERE ID=70
DELETE FROM TTASKS WHERE ID=71
INSERT INTO TTASKS VALUES(1,'Aenean vehicula mattis dui. Praesent vel risus sed tellus aliquet aliquam. Integer bibendum eros lorem, ut feugiat justo luctus eu. Praesent pharetra tincidunt scelerisque. ','2017-02-01 23:59:59.000000','2017-02-11','2017-02-11','Task 0 for category Personal projects',3,1)
INSERT INTO TTASKS VALUES(2,NULL,'2017-02-01 23:59:58.000000',NULL,'2017-02-11','Task 6 for category @Office',2,1)
INSERT INTO TTASKS VALUES(3,NULL,'2017-02-01 23:59:57.000000',NULL,NULL,'Task 9 for category Waiting event',4,1)
INSERT INTO TTASKS VALUES(4,'Aenean vehicula mattis dui. Praesent vel risus sed tellus aliquet aliquam. Integer bibendum eros lorem, ut feugiat justo luctus eu. Praesent pharetra tincidunt scelerisque. ','2017-02-01 23:59:56.000000','2017-02-07','2017-02-07','Task 0 for category Waiting event',4,1)
INSERT INTO TTASKS VALUES(5,'Aenean vehicula mattis dui. Praesent vel risus sed tellus aliquet aliquam. Integer bibendum eros lorem, ut feugiat justo luctus eu. Praesent pharetra tincidunt scelerisque. ','2017-02-01 23:59:55.000000',NULL,'2017-02-05','Task 4 for category Waiting event',4,1)
INSERT INTO TTASKS VALUES(6,NULL,'2017-02-01 23:59:54.000000',NULL,'2017-02-03','Task 3 for category @Office',2,1)
INSERT INTO TTASKS VALUES(7,NULL,'2017-02-01 23:59:53.000000',NULL,'2017-02-10','Task 7 for category Errants',1,1)
INSERT INTO TTASKS VALUES(8,NULL,'2017-02-01 23:59:52.000000',NULL,'2017-02-02','Task 7 for category Calls',5,1)
INSERT INTO TTASKS VALUES(9,NULL,'2017-02-01 23:59:51.000000',NULL,NULL,'Task 9 for category Personal projects',3,1)
INSERT INTO TTASKS VALUES(10,NULL,'2017-02-01 23:59:50.000000','2017-02-05','2017-02-05','Task 1 for category Calls',5,1)
INSERT INTO TTASKS VALUES(11,'Aenean vehicula mattis dui. Praesent vel risus sed tellus aliquet aliquam. Integer bibendum eros lorem, ut feugiat justo luctus eu. Praesent pharetra tincidunt scelerisque. ','2017-02-01 23:59:49.000000',NULL,'2017-02-11','Task 4 for category Errants',1,1)
INSERT INTO TTASKS VALUES(12,NULL,'2017-02-01 23:59:48.000000',NULL,'2017-02-10','Task 5 for category Waiting event',4,1)
INSERT INTO TTASKS VALUES(13,NULL,'2017-02-01 23:59:47.000000',NULL,'2017-02-08','Task 6 for category Job projects',6,1)
INSERT INTO TTASKS VALUES(14,NULL,'2017-02-01 23:59:46.000000',NULL,'2017-02-06','Task 5 for category @Office',2,1)
INSERT INTO TTASKS VALUES(15,'Aenean vehicula mattis dui. Praesent vel risus sed tellus aliquet aliquam. Integer bibendum eros lorem, ut feugiat justo luctus eu. Praesent pharetra tincidunt scelerisque. ','2017-02-01 23:59:45.000000',NULL,NULL,'Task 8 for category Job projects',6,1)
INSERT INTO TTASKS VALUES(16,NULL,'2017-02-01 23:59:44.000000',NULL,'2017-02-08','Task 6 for category Waiting event',4,1)
INSERT INTO TTASKS VALUES(17,NULL,'2017-02-01 23:59:43.000000',NULL,'2017-02-04','Task 7 for category @Office',2,1)
INSERT INTO TTASKS VALUES(18,NULL,'2017-02-01 23:59:42.000000',NULL,'2017-02-10','Task 5 for category Personal projects',3,1)
INSERT INTO TTASKS VALUES(19,NULL,'2017-02-01 23:59:41.000000',NULL,'2017-02-10','Task 3 for category Job projects',6,1)
INSERT INTO TTASKS VALUES(20,'Aenean vehicula mattis dui. Praesent vel risus sed tellus aliquet aliquam. Integer bibendum eros lorem, ut feugiat justo luctus eu. Praesent pharetra tincidunt scelerisque. ','2017-02-01 23:59:40.000000','2017-02-10','2017-02-10','Task 0 for category Calls',5,1)
INSERT INTO TTASKS VALUES(21,NULL,'2017-02-01 23:59:39.000000','2017-02-06','2017-02-05','Task 1 for category Errants',1,1)
INSERT INTO TTASKS VALUES(22,'Aenean vehicula mattis dui. Praesent vel risus sed tellus aliquet aliquam. Integer bibendum eros lorem, ut feugiat justo luctus eu. Praesent pharetra tincidunt scelerisque. ','2017-02-01 23:59:38.000000',NULL,'2017-02-11','Task 4 for category @Home',7,1)
INSERT INTO TTASKS VALUES(23,NULL,'2017-02-01 23:59:37.000000','2017-02-04','2017-02-03','Task 2 for category Personal projects',3,1)
INSERT INTO TTASKS VALUES(24,NULL,'2017-02-01 23:59:36.000000',NULL,NULL,'Task 9 for category Job projects',6,1)
INSERT INTO TTASKS VALUES(25,'Aenean vehicula mattis dui. Praesent vel risus sed tellus aliquet aliquam. Integer bibendum eros lorem, ut feugiat justo luctus eu. Praesent pharetra tincidunt scelerisque. ','2017-02-01 23:59:35.000000',NULL,'2017-02-11','Task 4 for category Personal projects',3,1)
INSERT INTO TTASKS VALUES(26,NULL,'2017-02-01 23:59:34.000000',NULL,'2017-02-02','Task 3 for category @Home',7,1)
INSERT INTO TTASKS VALUES(27,'Aenean vehicula mattis dui. Praesent vel risus sed tellus aliquet aliquam. Integer bibendum eros lorem, ut feugiat justo luctus eu. Praesent pharetra tincidunt scelerisque. ','2017-02-01 23:59:33.000000',NULL,'2017-02-02','Task 4 for category @Office',2,1)
INSERT INTO TTASKS VALUES(28,NULL,'2017-02-01 23:59:32.000000','2017-02-04','2017-02-03','Task 2 for category Waiting event',4,1)
INSERT INTO TTASKS VALUES(29,NULL,'2017-02-01 23:59:31.000000',NULL,'2017-02-02','Task 5 for category @Home',7,1)
INSERT INTO TTASKS VALUES(30,NULL,'2017-02-01 23:59:30.000000',NULL,'2017-02-04','Task 6 for category Personal projects',3,1)
INSERT INTO TTASKS VALUES(31,NULL,'2017-02-01 23:59:29.000000',NULL,'2017-02-07','Task 7 for category Waiting event',4,1)
INSERT INTO TTASKS VALUES(32,'Aenean vehicula mattis dui. Praesent vel risus sed tellus aliquet aliquam. Integer bibendum eros lorem, ut feugiat justo luctus eu. Praesent pharetra tincidunt scelerisque. ','2017-02-01 23:59:28.000000','2017-02-10','2017-02-10','Task 0 for category @Home',7,1)
INSERT INTO TTASKS VALUES(33,NULL,'2017-02-01 23:59:27.000000',NULL,'2017-02-08','Task 6 for category Errants',1,1)
INSERT INTO TTASKS VALUES(34,NULL,'2017-02-01 23:59:26.000000',NULL,'2017-02-07','Task 7 for category @Home',7,1)
INSERT INTO TTASKS VALUES(35,NULL,'2017-02-01 23:59:25.000000','2017-02-06','2017-02-06','Task 2 for category @Home',7,1)
INSERT INTO TTASKS VALUES(36,NULL,'2017-02-01 23:59:24.000000','2017-02-08','2017-02-08','Task 1 for category Job projects',6,1)
INSERT INTO TTASKS VALUES(37,NULL,'2017-02-01 23:59:23.000000','2017-02-06','2017-02-05','Task 2 for category Calls',5,1)
INSERT INTO TTASKS VALUES(38,NULL,'2017-02-01 23:59:22.000000','2017-02-04','2017-02-04','Task 2 for category Errants',1,1)
INSERT INTO TTASKS VALUES(39,'Aenean vehicula mattis dui. Praesent vel risus sed tellus aliquet aliquam. Integer bibendum eros lorem, ut feugiat justo luctus eu. Praesent pharetra tincidunt scelerisque. ','2017-02-01 23:59:21.000000',NULL,NULL,'Task 8 for category Personal projects',3,1)
INSERT INTO TTASKS VALUES(40,'Aenean vehicula mattis dui. Praesent vel risus sed tellus aliquet aliquam. Integer bibendum eros lorem, ut feugiat justo luctus eu. Praesent pharetra tincidunt scelerisque. ','2017-02-01 23:59:20.000000',NULL,NULL,'Task 8 for category Errants',1,1)
INSERT INTO TTASKS VALUES(41,'Aenean vehicula mattis dui. Praesent vel risus sed tellus aliquet aliquam. Integer bibendum eros lorem, ut feugiat justo luctus eu. Praesent pharetra tincidunt scelerisque. ','2017-02-01 23:59:19.000000','2017-02-10','2017-02-09','Task 0 for category Job projects',6,1)
INSERT INTO TTASKS VALUES(42,NULL,'2017-02-01 23:59:18.000000',NULL,NULL,'Task 9 for category Errants',1,1)
INSERT INTO TTASKS VALUES(43,NULL,'2017-02-01 23:59:17.000000',NULL,'2017-02-05','Task 3 for category Errants',1,1)
INSERT INTO TTASKS VALUES(44,NULL,'2017-02-01 23:59:16.000000','2017-02-11','2017-02-11','Task 2 for category Job projects',6,1)
INSERT INTO TTASKS VALUES(45,'Aenean vehicula mattis dui. Praesent vel risus sed tellus aliquet aliquam. Integer bibendum eros lorem, ut feugiat justo luctus eu. Praesent pharetra tincidunt scelerisque. ','2017-02-01 23:59:15.000000',NULL,'2017-02-06','Task 4 for category Calls',5,1)
INSERT INTO TTASKS VALUES(46,NULL,'2017-02-01 23:59:14.000000',NULL,'2017-02-09','Task 5 for category Errants',1,1)
INSERT INTO TTASKS VALUES(47,NULL,'2017-02-01 23:59:13.000000',NULL,'2017-02-11','Task 3 for category Calls',5,1)
INSERT INTO TTASKS VALUES(48,NULL,'2017-02-01 23:59:12.000000','2017-02-08','2017-02-07','Task 2 for category @Office',2,1)
INSERT INTO TTASKS VALUES(49,'Aenean vehicula mattis dui. Praesent vel risus sed tellus aliquet aliquam. Integer bibendum eros lorem, ut feugiat justo luctus eu. Praesent pharetra tincidunt scelerisque. ','2017-02-01 23:59:11.000000',NULL,'2017-02-03','Task 4 for category Job projects',6,1)
INSERT INTO TTASKS VALUES(50,NULL,'2017-02-01 23:59:10.000000',NULL,'2017-02-10','Task 5 for category Job projects',6,1)
INSERT INTO TTASKS VALUES(51,'Aenean vehicula mattis dui. Praesent vel risus sed tellus aliquet aliquam. Integer bibendum eros lorem, ut feugiat justo luctus eu. Praesent pharetra tincidunt scelerisque. ','2017-02-01 23:59:09.000000',NULL,NULL,'Task 8 for category @Home',7,1)
INSERT INTO TTASKS VALUES(52,NULL,'2017-02-01 23:59:08.000000','2017-02-11','2017-02-11','Task 1 for category @Home',7,1)
INSERT INTO TTASKS VALUES(53,NULL,'2017-02-01 23:59:07.000000',NULL,'2017-02-09','Task 5 for category Calls',5,1)
INSERT INTO TTASKS VALUES(54,'Aenean vehicula mattis dui. Praesent vel risus sed tellus aliquet aliquam. Integer bibendum eros lorem, ut feugiat justo luctus eu. Praesent pharetra tincidunt scelerisque. ','2017-02-01 23:59:06.000000',NULL,NULL,'Task 8 for category Calls',5,1)
INSERT INTO TTASKS VALUES(55,NULL,'2017-02-01 23:59:05.000000',NULL,'2017-02-05','Task 7 for category Personal projects',3,1)
INSERT INTO TTASKS VALUES(56,NULL,'2017-02-01 23:59:04.000000','2017-02-09','2017-02-09','Task 1 for category Waiting event',4,1)
INSERT INTO TTASKS VALUES(57,NULL,'2017-02-01 23:59:03.000000',NULL,NULL,'Task 9 for category @Office',2,1)
INSERT INTO TTASKS VALUES(58,NULL,'2017-02-01 23:59:02.000000',NULL,'2017-02-07','Task 7 for category Job projects',6,1)
INSERT INTO TTASKS VALUES(59,NULL,'2017-02-01 23:59:01.000000','2017-02-03','2017-02-03','Task 1 for category @Office',2,1)
INSERT INTO TTASKS VALUES(60,'Aenean vehicula mattis dui. Praesent vel risus sed tellus aliquet aliquam. Integer bibendum eros lorem, ut feugiat justo luctus eu. Praesent pharetra tincidunt scelerisque. ','2017-02-01 23:59:00.000000','2017-02-06','2017-02-05','Task 0 for category Errants',1,1)
INSERT INTO TTASKS VALUES(61,NULL,'2017-02-01 23:58:59.000000',NULL,'2017-02-08','Task 3 for category Waiting event',4,1)
INSERT INTO TTASKS VALUES(62,NULL,'2017-02-01 23:58:58.000000',NULL,NULL,'Task 9 for category @Home',7,1)
INSERT INTO TTASKS VALUES(63,'Aenean vehicula mattis dui. Praesent vel risus sed tellus aliquet aliquam. Integer bibendum eros lorem, ut feugiat justo luctus eu. Praesent pharetra tincidunt scelerisque. ','2017-02-01 23:58:57.000000',NULL,NULL,'Task 8 for category Waiting event',4,1)
INSERT INTO TTASKS VALUES(64,NULL,'2017-02-01 23:58:56.000000',NULL,'2017-02-06','Task 6 for category @Home',7,1)
INSERT INTO TTASKS VALUES(65,NULL,'2017-02-01 23:58:55.000000',NULL,'2017-02-04','Task 3 for category Personal projects',3,1)
INSERT INTO TTASKS VALUES(66,NULL,'2017-02-01 23:58:54.000000',NULL,NULL,'Task 9 for category Calls',5,1)
INSERT INTO TTASKS VALUES(67,NULL,'2017-02-01 23:58:53.000000','2017-02-08','2017-02-08','Task 1 for category Personal projects',3,1)
INSERT INTO TTASKS VALUES(68,'Aenean vehicula mattis dui. Praesent vel risus sed tellus aliquet aliquam. Integer bibendum eros lorem, ut feugiat justo luctus eu. Praesent pharetra tincidunt scelerisque. ','2017-02-01 23:58:52.000000',NULL,NULL,'Task 8 for category @Office',2,1)
INSERT INTO TTASKS VALUES(69,'Aenean vehicula mattis dui. Praesent vel risus sed tellus aliquet aliquam. Integer bibendum eros lorem, ut feugiat justo luctus eu. Praesent pharetra tincidunt scelerisque. ','2017-02-01 23:58:51.000000','2017-02-11','2017-02-10','Task 0 for category @Office',2,1)
INSERT INTO TTASKS VALUES(70,NULL,'2017-02-01 23:58:50.000000',NULL,'2017-02-02','Task 6 for category Calls',5,1)
INSERT INTO TTASKS VALUES(71,NULL,'2017-02-01 23:58:49.000000',NULL,'2017-02-12','nueva tarea sin importancia',NULL,1)
COMMIT
DELETE FROM TTASKS WHERE ID=1
DELETE FROM TTASKS WHERE ID=2
DELETE FROM TTASKS WHERE ID=3
DELETE FROM TTASKS WHERE ID=4
DELETE FROM TTASKS WHERE ID=5
DELETE FROM TTASKS WHERE ID=6
DELETE FROM TTASKS WHERE ID=7
DELETE FROM TTASKS WHERE ID=8
DELETE FROM TTASKS WHERE ID=9
DELETE FROM TTASKS WHERE ID=10
DELETE FROM TTASKS WHERE ID=11
DELETE FROM TTASKS WHERE ID=12
DELETE FROM TTASKS WHERE ID=13
DELETE FROM TTASKS WHERE ID=14
DELETE FROM TTASKS WHERE ID=15
DELETE FROM TTASKS WHERE ID=16
DELETE FROM TTASKS WHERE ID=17
DELETE FROM TTASKS WHERE ID=18
DELETE FROM TTASKS WHERE ID=19
DELETE FROM TTASKS WHERE ID=20
DELETE FROM TTASKS WHERE ID=21
DELETE FROM TTASKS WHERE ID=22
DELETE FROM TTASKS WHERE ID=23
DELETE FROM TTASKS WHERE ID=24
DELETE FROM TTASKS WHERE ID=25
DELETE FROM TTASKS WHERE ID=26
DELETE FROM TTASKS WHERE ID=27
DELETE FROM TTASKS WHERE ID=28
DELETE FROM TTASKS WHERE ID=29
DELETE FROM TTASKS WHERE ID=30
DELETE FROM TTASKS WHERE ID=31
DELETE FROM TTASKS WHERE ID=32
DELETE FROM TTASKS WHERE ID=33
DELETE FROM TTASKS WHERE ID=34
DELETE FROM TTASKS WHERE ID=35
DELETE FROM TTASKS WHERE ID=36
DELETE FROM TTASKS WHERE ID=37
DELETE FROM TTASKS WHERE ID=38
DELETE FROM TTASKS WHERE ID=39
DELETE FROM TTASKS WHERE ID=40
DELETE FROM TTASKS WHERE ID=41
DELETE FROM TTASKS WHERE ID=42
DELETE FROM TTASKS WHERE ID=43
DELETE FROM TTASKS WHERE ID=44
DELETE FROM TTASKS WHERE ID=45
DELETE FROM TTASKS WHERE ID=46
DELETE FROM TTASKS WHERE ID=47
DELETE FROM TTASKS WHERE ID=48
DELETE FROM TTASKS WHERE ID=49
DELETE FROM TTASKS WHERE ID=50
DELETE FROM TTASKS WHERE ID=51
DELETE FROM TTASKS WHERE ID=52
DELETE FROM TTASKS WHERE ID=53
DELETE FROM TTASKS WHERE ID=54
DELETE FROM TTASKS WHERE ID=55
DELETE FROM TTASKS WHERE ID=56
DELETE FROM TTASKS WHERE ID=57
DELETE FROM TTASKS WHERE ID=58
DELETE FROM TTASKS WHERE ID=59
DELETE FROM TTASKS WHERE ID=60
DELETE FROM TTASKS WHERE ID=61
DELETE FROM TTASKS WHERE ID=62
DELETE FROM TTASKS WHERE ID=63
DELETE FROM TTASKS WHERE ID=64
DELETE FROM TTASKS WHERE ID=65
DELETE FROM TTASKS WHERE ID=66
DELETE FROM TTASKS WHERE ID=67
DELETE FROM TTASKS WHERE ID=68
DELETE FROM TTASKS WHERE ID=69
DELETE FROM TTASKS WHERE ID=70
DELETE FROM TTASKS WHERE ID=71
INSERT INTO TTASKS VALUES(1,'Aenean vehicula mattis dui. Praesent vel risus sed tellus aliquet aliquam. Integer bibendum eros lorem, ut feugiat justo luctus eu. Praesent pharetra tincidunt scelerisque. ','2017-02-02 00:00:24.000000','2017-02-11','2017-02-11','Task 0 for category Personal projects',3,1)
INSERT INTO TTASKS VALUES(2,NULL,'2017-02-02 00:00:48.000000',NULL,'2017-02-11','Task 6 for category @Office',2,1)
INSERT INTO TTASKS VALUES(3,NULL,'2017-02-02 00:01:12.000000',NULL,NULL,'Task 9 for category Waiting event',4,1)
INSERT INTO TTASKS VALUES(4,'Aenean vehicula mattis dui. Praesent vel risus sed tellus aliquet aliquam. Integer bibendum eros lorem, ut feugiat justo luctus eu. Praesent pharetra tincidunt scelerisque. ','2017-02-02 00:01:36.000000','2017-02-07','2017-02-07','Task 0 for category Waiting event',4,1)
INSERT INTO TTASKS VALUES(5,'Aenean vehicula mattis dui. Praesent vel risus sed tellus aliquet aliquam. Integer bibendum eros lorem, ut feugiat justo luctus eu. Praesent pharetra tincidunt scelerisque. ','2017-02-02 00:02:00.000000',NULL,'2017-02-05','Task 4 for category Waiting event',4,1)
INSERT INTO TTASKS VALUES(6,NULL,'2017-02-02 00:02:24.000000',NULL,'2017-02-03','Task 3 for category @Office',2,1)
INSERT INTO TTASKS VALUES(7,NULL,'2017-02-02 00:02:48.000000',NULL,'2017-02-10','Task 7 for category Errants',1,1)
INSERT INTO TTASKS VALUES(8,NULL,'2017-02-02 00:03:12.000000',NULL,'2017-02-02','Task 7 for category Calls',5,1)
INSERT INTO TTASKS VALUES(9,NULL,'2017-02-02 00:03:36.000000',NULL,NULL,'Task 9 for category Personal projects',3,1)
INSERT INTO TTASKS VALUES(10,NULL,'2017-02-02 00:04:00.000000','2017-02-05','2017-02-05','Task 1 for category Calls',5,1)
INSERT INTO TTASKS VALUES(11,'Aenean vehicula mattis dui. Praesent vel risus sed tellus aliquet aliquam. Integer bibendum eros lorem, ut feugiat justo luctus eu. Praesent pharetra tincidunt scelerisque. ','2017-02-02 00:04:24.000000',NULL,'2017-02-11','Task 4 for category Errants',1,1)
INSERT INTO TTASKS VALUES(12,NULL,'2017-02-02 00:04:48.000000',NULL,'2017-02-10','Task 5 for category Waiting event',4,1)
INSERT INTO TTASKS VALUES(13,NULL,'2017-02-02 00:05:12.000000',NULL,'2017-02-08','Task 6 for category Job projects',6,1)
INSERT INTO TTASKS VALUES(14,NULL,'2017-02-02 00:05:36.000000',NULL,'2017-02-06','Task 5 for category @Office',2,1)
INSERT INTO TTASKS VALUES(15,'Aenean vehicula mattis dui. Praesent vel risus sed tellus aliquet aliquam. Integer bibendum eros lorem, ut feugiat justo luctus eu. Praesent pharetra tincidunt scelerisque. ','2017-02-02 00:06:00.000000',NULL,NULL,'Task 8 for category Job projects',6,1)
INSERT INTO TTASKS VALUES(16,NULL,'2017-02-02 00:06:24.000000',NULL,'2017-02-08','Task 6 for category Waiting event',4,1)
INSERT INTO TTASKS VALUES(17,NULL,'2017-02-02 00:06:48.000000',NULL,'2017-02-04','Task 7 for category @Office',2,1)
INSERT INTO TTASKS VALUES(18,NULL,'2017-02-02 00:07:12.000000',NULL,'2017-02-10','Task 5 for category Personal projects',3,1)
INSERT INTO TTASKS VALUES(19,NULL,'2017-02-02 00:07:36.000000',NULL,'2017-02-10','Task 3 for category Job projects',6,1)
INSERT INTO TTASKS VALUES(20,'Aenean vehicula mattis dui. Praesent vel risus sed tellus aliquet aliquam. Integer bibendum eros lorem, ut feugiat justo luctus eu. Praesent pharetra tincidunt scelerisque. ','2017-02-02 00:08:00.000000','2017-02-10','2017-02-10','Task 0 for category Calls',5,1)
INSERT INTO TTASKS VALUES(21,NULL,'2017-02-02 00:08:24.000000','2017-02-06','2017-02-05','Task 1 for category Errants',1,1)
INSERT INTO TTASKS VALUES(22,'Aenean vehicula mattis dui. Praesent vel risus sed tellus aliquet aliquam. Integer bibendum eros lorem, ut feugiat justo luctus eu. Praesent pharetra tincidunt scelerisque. ','2017-02-02 00:08:48.000000',NULL,'2017-02-11','Task 4 for category @Home',7,1)
INSERT INTO TTASKS VALUES(23,NULL,'2017-02-02 00:09:12.000000','2017-02-04','2017-02-03','Task 2 for category Personal projects',3,1)
INSERT INTO TTASKS VALUES(24,NULL,'2017-02-02 00:09:36.000000',NULL,NULL,'Task 9 for category Job projects',6,1)
INSERT INTO TTASKS VALUES(25,'Aenean vehicula mattis dui. Praesent vel risus sed tellus aliquet aliquam. Integer bibendum eros lorem, ut feugiat justo luctus eu. Praesent pharetra tincidunt scelerisque. ','2017-02-02 00:10:00.000000',NULL,'2017-02-11','Task 4 for category Personal projects',3,1)
INSERT INTO TTASKS VALUES(26,NULL,'2017-02-02 00:10:24.000000',NULL,'2017-02-02','Task 3 for category @Home',7,1)
INSERT INTO TTASKS VALUES(27,'Aenean vehicula mattis dui. Praesent vel risus sed tellus aliquet aliquam. Integer bibendum eros lorem, ut feugiat justo luctus eu. Praesent pharetra tincidunt scelerisque. ','2017-02-02 00:10:48.000000',NULL,'2017-02-02','Task 4 for category @Office',2,1)
INSERT INTO TTASKS VALUES(28,NULL,'2017-02-02 00:11:12.000000','2017-02-04','2017-02-03','Task 2 for category Waiting event',4,1)
INSERT INTO TTASKS VALUES(29,NULL,'2017-02-02 00:11:36.000000',NULL,'2017-02-02','Task 5 for category @Home',7,1)
INSERT INTO TTASKS VALUES(30,NULL,'2017-02-02 00:12:00.000000',NULL,'2017-02-04','Task 6 for category Personal projects',3,1)
INSERT INTO TTASKS VALUES(31,NULL,'2017-02-02 00:12:24.000000',NULL,'2017-02-07','Task 7 for category Waiting event',4,1)
INSERT INTO TTASKS VALUES(32,'Aenean vehicula mattis dui. Praesent vel risus sed tellus aliquet aliquam. Integer bibendum eros lorem, ut feugiat justo luctus eu. Praesent pharetra tincidunt scelerisque. ','2017-02-02 00:12:48.000000','2017-02-10','2017-02-10','Task 0 for category @Home',7,1)
INSERT INTO TTASKS VALUES(33,NULL,'2017-02-02 00:13:12.000000',NULL,'2017-02-08','Task 6 for category Errants',1,1)
INSERT INTO TTASKS VALUES(34,NULL,'2017-02-02 00:13:36.000000',NULL,'2017-02-07','Task 7 for category @Home',7,1)
INSERT INTO TTASKS VALUES(35,NULL,'2017-02-02 00:14:00.000000','2017-02-06','2017-02-06','Task 2 for category @Home',7,1)
INSERT INTO TTASKS VALUES(36,NULL,'2017-02-02 00:14:24.000000','2017-02-08','2017-02-08','Task 1 for category Job projects',6,1)
INSERT INTO TTASKS VALUES(37,NULL,'2017-02-02 00:14:48.000000','2017-02-06','2017-02-05','Task 2 for category Calls',5,1)
INSERT INTO TTASKS VALUES(38,NULL,'2017-02-02 00:15:12.000000','2017-02-04','2017-02-04','Task 2 for category Errants',1,1)
INSERT INTO TTASKS VALUES(39,'Aenean vehicula mattis dui. Praesent vel risus sed tellus aliquet aliquam. Integer bibendum eros lorem, ut feugiat justo luctus eu. Praesent pharetra tincidunt scelerisque. ','2017-02-02 00:15:36.000000',NULL,NULL,'Task 8 for category Personal projects',3,1)
INSERT INTO TTASKS VALUES(40,'Aenean vehicula mattis dui. Praesent vel risus sed tellus aliquet aliquam. Integer bibendum eros lorem, ut feugiat justo luctus eu. Praesent pharetra tincidunt scelerisque. ','2017-02-02 00:16:00.000000',NULL,NULL,'Task 8 for category Errants',1,1)
INSERT INTO TTASKS VALUES(41,'Aenean vehicula mattis dui. Praesent vel risus sed tellus aliquet aliquam. Integer bibendum eros lorem, ut feugiat justo luctus eu. Praesent pharetra tincidunt scelerisque. ','2017-02-02 00:16:24.000000','2017-02-10','2017-02-09','Task 0 for category Job projects',6,1)
INSERT INTO TTASKS VALUES(42,NULL,'2017-02-02 00:16:48.000000',NULL,NULL,'Task 9 for category Errants',1,1)
INSERT INTO TTASKS VALUES(43,NULL,'2017-02-02 00:17:12.000000',NULL,'2017-02-05','Task 3 for category Errants',1,1)
INSERT INTO TTASKS VALUES(44,NULL,'2017-02-02 00:17:36.000000','2017-02-11','2017-02-11','Task 2 for category Job projects',6,1)
INSERT INTO TTASKS VALUES(45,'Aenean vehicula mattis dui. Praesent vel risus sed tellus aliquet aliquam. Integer bibendum eros lorem, ut feugiat justo luctus eu. Praesent pharetra tincidunt scelerisque. ','2017-02-02 00:18:00.000000',NULL,'2017-02-06','Task 4 for category Calls',5,1)
INSERT INTO TTASKS VALUES(46,NULL,'2017-02-02 00:18:24.000000',NULL,'2017-02-09','Task 5 for category Errants',1,1)
INSERT INTO TTASKS VALUES(47,NULL,'2017-02-02 00:18:48.000000',NULL,'2017-02-11','Task 3 for category Calls',5,1)
INSERT INTO TTASKS VALUES(48,NULL,'2017-02-02 00:19:12.000000','2017-02-08','2017-02-07','Task 2 for category @Office',2,1)
INSERT INTO TTASKS VALUES(49,'Aenean vehicula mattis dui. Praesent vel risus sed tellus aliquet aliquam. Integer bibendum eros lorem, ut feugiat justo luctus eu. Praesent pharetra tincidunt scelerisque. ','2017-02-02 00:19:36.000000',NULL,'2017-02-03','Task 4 for category Job projects',6,1)
INSERT INTO TTASKS VALUES(50,NULL,'2017-02-02 00:20:00.000000',NULL,'2017-02-10','Task 5 for category Job projects',6,1)
INSERT INTO TTASKS VALUES(51,'Aenean vehicula mattis dui. Praesent vel risus sed tellus aliquet aliquam. Integer bibendum eros lorem, ut feugiat justo luctus eu. Praesent pharetra tincidunt scelerisque. ','2017-02-02 00:20:24.000000',NULL,NULL,'Task 8 for category @Home',7,1)
INSERT INTO TTASKS VALUES(52,NULL,'2017-02-02 00:20:48.000000','2017-02-11','2017-02-11','Task 1 for category @Home',7,1)
INSERT INTO TTASKS VALUES(53,NULL,'2017-02-02 00:21:12.000000',NULL,'2017-02-09','Task 5 for category Calls',5,1)
INSERT INTO TTASKS VALUES(54,'Aenean vehicula mattis dui. Praesent vel risus sed tellus aliquet aliquam. Integer bibendum eros lorem, ut feugiat justo luctus eu. Praesent pharetra tincidunt scelerisque. ','2017-02-02 00:21:36.000000',NULL,NULL,'Task 8 for category Calls',5,1)
INSERT INTO TTASKS VALUES(55,NULL,'2017-02-02 00:22:00.000000',NULL,'2017-02-05','Task 7 for category Personal projects',3,1)
INSERT INTO TTASKS VALUES(56,NULL,'2017-02-02 00:22:24.000000','2017-02-09','2017-02-09','Task 1 for category Waiting event',4,1)
INSERT INTO TTASKS VALUES(57,NULL,'2017-02-02 00:22:48.000000',NULL,NULL,'Task 9 for category @Office',2,1)
INSERT INTO TTASKS VALUES(58,NULL,'2017-02-02 00:23:12.000000',NULL,'2017-02-07','Task 7 for category Job projects',6,1)
INSERT INTO TTASKS VALUES(59,NULL,'2017-02-02 00:23:36.000000','2017-02-03','2017-02-03','Task 1 for category @Office',2,1)
INSERT INTO TTASKS VALUES(60,'Aenean vehicula mattis dui. Praesent vel risus sed tellus aliquet aliquam. Integer bibendum eros lorem, ut feugiat justo luctus eu. Praesent pharetra tincidunt scelerisque. ','2017-02-02 00:24:00.000000','2017-02-06','2017-02-05','Task 0 for category Errants',1,1)
INSERT INTO TTASKS VALUES(61,NULL,'2017-02-02 00:24:24.000000',NULL,'2017-02-08','Task 3 for category Waiting event',4,1)
INSERT INTO TTASKS VALUES(62,NULL,'2017-02-02 00:24:48.000000',NULL,NULL,'Task 9 for category @Home',7,1)
INSERT INTO TTASKS VALUES(63,'Aenean vehicula mattis dui. Praesent vel risus sed tellus aliquet aliquam. Integer bibendum eros lorem, ut feugiat justo luctus eu. Praesent pharetra tincidunt scelerisque. ','2017-02-02 00:25:12.000000',NULL,NULL,'Task 8 for category Waiting event',4,1)
INSERT INTO TTASKS VALUES(64,NULL,'2017-02-02 00:25:36.000000',NULL,'2017-02-06','Task 6 for category @Home',7,1)
INSERT INTO TTASKS VALUES(65,NULL,'2017-02-02 00:26:00.000000',NULL,'2017-02-04','Task 3 for category Personal projects',3,1)
INSERT INTO TTASKS VALUES(66,NULL,'2017-02-02 00:26:24.000000',NULL,NULL,'Task 9 for category Calls',5,1)
INSERT INTO TTASKS VALUES(67,NULL,'2017-02-02 00:26:48.000000','2017-02-08','2017-02-08','Task 1 for category Personal projects',3,1)
INSERT INTO TTASKS VALUES(68,'Aenean vehicula mattis dui. Praesent vel risus sed tellus aliquet aliquam. Integer bibendum eros lorem, ut feugiat justo luctus eu. Praesent pharetra tincidunt scelerisque. ','2017-02-02 00:27:12.000000',NULL,NULL,'Task 8 for category @Office',2,1)
INSERT INTO TTASKS VALUES(69,'Aenean vehicula mattis dui. Praesent vel risus sed tellus aliquet aliquam. Integer bibendum eros lorem, ut feugiat justo luctus eu. Praesent pharetra tincidunt scelerisque. ','2017-02-02 00:27:36.000000','2017-02-11','2017-02-10','Task 0 for category @Office',2,1)
INSERT INTO TTASKS VALUES(70,NULL,'2017-02-02 00:28:00.000000',NULL,'2017-02-02','Task 6 for category Calls',5,1)
INSERT INTO TTASKS VALUES(71,NULL,'2017-02-02 00:28:24.000000',NULL,'2017-02-12','nueva tarea sin importancia',NULL,1)
COMMIT
/*C8*/SET SCHEMA PUBLIC
DISCONNECT
/*C9*/SET SCHEMA PUBLIC
DISCONNECT
/*C10*/SET SCHEMA PUBLIC
DISCONNECT
/*C11*/SET SCHEMA PUBLIC
DISCONNECT
/*C12*/SET SCHEMA PUBLIC
DISCONNECT
/*C13*/SET SCHEMA PUBLIC
DISCONNECT
/*C4*/SET SCHEMA PUBLIC
DISCONNECT
/*C5*/SET SCHEMA PUBLIC
DISCONNECT
/*C6*/SET SCHEMA PUBLIC
DISCONNECT
/*C7*/SET SCHEMA PUBLIC
DISCONNECT
/*C3*/DISCONNECT
/*C18*/SET SCHEMA PUBLIC
DISCONNECT
/*C20*/SET SCHEMA PUBLIC
DISCONNECT
/*C21*/SET SCHEMA PUBLIC
DISCONNECT
/*C15*/SET SCHEMA PUBLIC
DISCONNECT
/*C16*/SET SCHEMA PUBLIC
DISCONNECT
/*C22*/SET SCHEMA PUBLIC
DISCONNECT
/*C23*/SET SCHEMA PUBLIC
DISCONNECT
/*C19*/SET SCHEMA PUBLIC
DISCONNECT
/*C14*/SET SCHEMA PUBLIC
DISCONNECT
/*C17*/SET SCHEMA PUBLIC
DISCONNECT
